2023-04-02 09:16:38.125 [main] INFO  Calculator.MathCalculator - [POWER - 2.0 RAISED TO] 3.0
2023-04-02 09:16:38.127 [main] INFO  Calculator.MathCalculator - [RESULT - POWER - 8.0
2023-04-02 09:16:38.128 [main] INFO  Calculator.MathCalculator - [POWER - 1.0 RAISED TO] 3.0
2023-04-02 09:16:38.128 [main] INFO  Calculator.MathCalculator - [RESULT - POWER - 1.0
2023-04-02 09:16:38.128 [main] INFO  Calculator.MathCalculator - [POWER - 3.0 RAISED TO] 4.0
2023-04-02 09:16:38.128 [main] INFO  Calculator.MathCalculator - [RESULT - POWER - 81.0
2023-04-02 09:16:38.129 [main] INFO  Calculator.MathCalculator - [POWER - 4.0 RAISED TO] 3.0
2023-04-02 09:16:38.129 [main] INFO  Calculator.MathCalculator - [RESULT - POWER - 64.0
2023-04-02 09:16:38.129 [main] INFO  Calculator.MathCalculator - [POWER - 4.0 RAISED TO] 3.0
2023-04-02 09:16:38.129 [main] INFO  Calculator.MathCalculator - [RESULT - POWER - 64.0
2023-04-02 09:16:38.129 [main] INFO  Calculator.MathCalculator - [POWER - 0.0 RAISED TO] -1.0
2023-04-02 09:16:38.129 [main] INFO  Calculator.MathCalculator - [RESULT - POWER - Infinity
2023-04-02 09:16:38.129 [main] INFO  Calculator.MathCalculator - [POWER - 10.0 RAISED TO] 2.0
2023-04-02 09:16:38.129 [main] INFO  Calculator.MathCalculator - [RESULT - POWER - 100.0
2023-04-02 09:16:38.133 [main] INFO  Calculator.MathCalculator - [NATURAL LOG] - 1.0
2023-04-02 09:16:38.134 [main] INFO  Calculator.MathCalculator - [RESULT - NATURAL LOG] - 0.0
2023-04-02 09:16:38.134 [main] INFO  Calculator.MathCalculator - [NATURAL LOG] - 50.0
2023-04-02 09:16:38.134 [main] INFO  Calculator.MathCalculator - [RESULT - NATURAL LOG] - 3.912023005428146
2023-04-02 09:16:38.134 [main] INFO  Calculator.MathCalculator - [NATURAL LOG] - 120000.0
2023-04-02 09:16:38.134 [main] INFO  Calculator.MathCalculator - [RESULT - NATURAL LOG] - 11.695247021764184
2023-04-02 09:16:38.134 [main] INFO  Calculator.MathCalculator - [NATURAL LOG] - 44.0
2023-04-02 09:16:38.134 [main] INFO  Calculator.MathCalculator - [RESULT - NATURAL LOG] - 3.784189633918261
2023-04-02 09:16:38.134 [main] INFO  Calculator.MathCalculator - [NATURAL LOG] - 7041.0
2023-04-02 09:16:38.134 [main] INFO  Calculator.MathCalculator - [RESULT - NATURAL LOG] - 8.859505484519133
2023-04-02 09:16:38.135 [main] INFO  Calculator.MathCalculator - [NATURAL LOG] - 5274.0
2023-04-02 09:16:38.135 [main] INFO  Calculator.MathCalculator - [RESULT - NATURAL LOG] - 8.570544366913232
2023-04-02 09:16:38.136 [main] INFO  Calculator.MathCalculator - [FACTORIAL] - 5.0
2023-04-02 09:16:38.136 [main] INFO  Calculator.MathCalculator - [RESULT - FACTORIAL] - 120.0
2023-04-02 09:16:38.136 [main] INFO  Calculator.MathCalculator - [FACTORIAL] - 0.0
2023-04-02 09:16:38.136 [main] INFO  Calculator.MathCalculator - [RESULT - FACTORIAL] - 1.0
2023-04-02 09:16:38.136 [main] INFO  Calculator.MathCalculator - [FACTORIAL] - 2.0
2023-04-02 09:16:38.137 [main] INFO  Calculator.MathCalculator - [RESULT - FACTORIAL] - 2.0
2023-04-02 09:16:38.137 [main] INFO  Calculator.MathCalculator - [FACTORIAL] - 10.0
2023-04-02 09:16:38.137 [main] INFO  Calculator.MathCalculator - [RESULT - FACTORIAL] - 3628800.0
2023-04-02 09:16:38.137 [main] INFO  Calculator.MathCalculator - [FACTORIAL] - 6.0
2023-04-02 09:16:38.137 [main] INFO  Calculator.MathCalculator - [RESULT - FACTORIAL] - 720.0
2023-04-02 09:16:38.137 [main] INFO  Calculator.MathCalculator - [FACTORIAL] - 7.0
2023-04-02 09:16:38.137 [main] INFO  Calculator.MathCalculator - [RESULT - FACTORIAL] - 5040.0
2023-04-02 09:16:38.137 [main] INFO  Calculator.MathCalculator - [FACTORIAL] - 8.0
2023-04-02 09:16:38.137 [main] INFO  Calculator.MathCalculator - [RESULT - FACTORIAL] - 40320.0
2023-04-02 09:16:38.137 [main] INFO  Calculator.MathCalculator - [FACTORIAL] - 14.0
2023-04-02 09:16:38.137 [main] INFO  Calculator.MathCalculator - [RESULT - FACTORIAL] - 8.71782912E10
2023-04-02 09:16:38.138 [main] INFO  Calculator.MathCalculator - [SQRT] - 16.0
2023-04-02 09:16:38.139 [main] INFO  Calculator.MathCalculator - [RESULT - SQRT] - 4.0
2023-04-02 09:16:38.139 [main] INFO  Calculator.MathCalculator - [SQRT] - 1.0
2023-04-02 09:16:38.139 [main] INFO  Calculator.MathCalculator - [RESULT - SQRT] - 1.0
2023-04-02 09:16:38.139 [main] INFO  Calculator.MathCalculator - [SQRT] - 81.0
2023-04-02 09:16:38.139 [main] INFO  Calculator.MathCalculator - [RESULT - SQRT] - 9.0
2023-04-02 09:16:38.139 [main] INFO  Calculator.MathCalculator - [SQRT] - 36.0
2023-04-02 09:16:38.139 [main] INFO  Calculator.MathCalculator - [RESULT - SQRT] - 6.0
2023-04-02 09:16:38.139 [main] INFO  Calculator.MathCalculator - [SQRT] - 35.0
2023-04-02 09:16:38.140 [main] INFO  Calculator.MathCalculator - [RESULT - SQRT] - 5.916079783099616
2023-04-02 09:16:38.140 [main] INFO  Calculator.MathCalculator - [SQRT] - 0.25
2023-04-02 09:16:38.140 [main] INFO  Calculator.MathCalculator - [RESULT - SQRT] - 0.5
2023-04-02 09:16:38.140 [main] INFO  Calculator.MathCalculator - [SQRT] - 101.0
2023-04-02 09:16:38.140 [main] INFO  Calculator.MathCalculator - [RESULT - SQRT] - 10.04987562112089
2023-04-02 09:24:21.169 [main] INFO  Calculator.MathCalculator - [POWER - 2.0 RAISED TO] 3.0
2023-04-02 09:24:21.171 [main] INFO  Calculator.MathCalculator - [RESULT - POWER - 8.0
2023-04-02 09:24:21.172 [main] INFO  Calculator.MathCalculator - [POWER - 1.0 RAISED TO] 3.0
2023-04-02 09:24:21.172 [main] INFO  Calculator.MathCalculator - [RESULT - POWER - 1.0
2023-04-02 09:24:21.172 [main] INFO  Calculator.MathCalculator - [POWER - 3.0 RAISED TO] 4.0
2023-04-02 09:24:21.172 [main] INFO  Calculator.MathCalculator - [RESULT - POWER - 81.0
2023-04-02 09:24:21.173 [main] INFO  Calculator.MathCalculator - [POWER - 4.0 RAISED TO] 3.0
2023-04-02 09:24:21.173 [main] INFO  Calculator.MathCalculator - [RESULT - POWER - 64.0
2023-04-02 09:24:21.173 [main] INFO  Calculator.MathCalculator - [POWER - 4.0 RAISED TO] 3.0
2023-04-02 09:24:21.173 [main] INFO  Calculator.MathCalculator - [RESULT - POWER - 64.0
2023-04-02 09:24:21.173 [main] INFO  Calculator.MathCalculator - [POWER - 0.0 RAISED TO] -1.0
2023-04-02 09:24:21.173 [main] INFO  Calculator.MathCalculator - [RESULT - POWER - Infinity
2023-04-02 09:24:21.173 [main] INFO  Calculator.MathCalculator - [POWER - 10.0 RAISED TO] 2.0
2023-04-02 09:24:21.173 [main] INFO  Calculator.MathCalculator - [RESULT - POWER - 100.0
2023-04-02 09:24:21.179 [main] INFO  Calculator.MathCalculator - [NATURAL LOG] - 1.0
2023-04-02 09:24:21.179 [main] INFO  Calculator.MathCalculator - [RESULT - NATURAL LOG] - 0.0
2023-04-02 09:24:21.179 [main] INFO  Calculator.MathCalculator - [NATURAL LOG] - 50.0
2023-04-02 09:24:21.180 [main] INFO  Calculator.MathCalculator - [RESULT - NATURAL LOG] - 3.912023005428146
2023-04-02 09:24:21.180 [main] INFO  Calculator.MathCalculator - [NATURAL LOG] - 120000.0
2023-04-02 09:24:21.180 [main] INFO  Calculator.MathCalculator - [RESULT - NATURAL LOG] - 11.695247021764184
2023-04-02 09:24:21.180 [main] INFO  Calculator.MathCalculator - [NATURAL LOG] - 44.0
2023-04-02 09:24:21.180 [main] INFO  Calculator.MathCalculator - [RESULT - NATURAL LOG] - 3.784189633918261
2023-04-02 09:24:21.180 [main] INFO  Calculator.MathCalculator - [NATURAL LOG] - 7041.0
2023-04-02 09:24:21.180 [main] INFO  Calculator.MathCalculator - [RESULT - NATURAL LOG] - 8.859505484519133
2023-04-02 09:24:21.180 [main] INFO  Calculator.MathCalculator - [NATURAL LOG] - 5274.0
2023-04-02 09:24:21.180 [main] INFO  Calculator.MathCalculator - [RESULT - NATURAL LOG] - 8.570544366913232
2023-04-02 09:24:21.181 [main] INFO  Calculator.MathCalculator - [FACTORIAL] - 5.0
2023-04-02 09:24:21.182 [main] INFO  Calculator.MathCalculator - [RESULT - FACTORIAL] - 120.0
2023-04-02 09:24:21.182 [main] INFO  Calculator.MathCalculator - [FACTORIAL] - 0.0
2023-04-02 09:24:21.182 [main] INFO  Calculator.MathCalculator - [RESULT - FACTORIAL] - 1.0
2023-04-02 09:24:21.182 [main] INFO  Calculator.MathCalculator - [FACTORIAL] - 2.0
2023-04-02 09:24:21.182 [main] INFO  Calculator.MathCalculator - [RESULT - FACTORIAL] - 2.0
2023-04-02 09:24:21.182 [main] INFO  Calculator.MathCalculator - [FACTORIAL] - 10.0
2023-04-02 09:24:21.182 [main] INFO  Calculator.MathCalculator - [RESULT - FACTORIAL] - 3628800.0
2023-04-02 09:24:21.182 [main] INFO  Calculator.MathCalculator - [FACTORIAL] - 6.0
2023-04-02 09:24:21.182 [main] INFO  Calculator.MathCalculator - [RESULT - FACTORIAL] - 720.0
2023-04-02 09:24:21.183 [main] INFO  Calculator.MathCalculator - [FACTORIAL] - 7.0
2023-04-02 09:24:21.183 [main] INFO  Calculator.MathCalculator - [RESULT - FACTORIAL] - 5040.0
2023-04-02 09:24:21.183 [main] INFO  Calculator.MathCalculator - [FACTORIAL] - 8.0
2023-04-02 09:24:21.183 [main] INFO  Calculator.MathCalculator - [RESULT - FACTORIAL] - 40320.0
2023-04-02 09:24:21.183 [main] INFO  Calculator.MathCalculator - [FACTORIAL] - 14.0
2023-04-02 09:24:21.183 [main] INFO  Calculator.MathCalculator - [RESULT - FACTORIAL] - 8.71782912E10
2023-04-02 09:24:21.185 [main] INFO  Calculator.MathCalculator - [SQRT] - 16.0
2023-04-02 09:24:21.185 [main] INFO  Calculator.MathCalculator - [RESULT - SQRT] - 4.0
2023-04-02 09:24:21.185 [main] INFO  Calculator.MathCalculator - [SQRT] - 1.0
2023-04-02 09:24:21.185 [main] INFO  Calculator.MathCalculator - [RESULT - SQRT] - 1.0
2023-04-02 09:24:21.185 [main] INFO  Calculator.MathCalculator - [SQRT] - 81.0
2023-04-02 09:24:21.185 [main] INFO  Calculator.MathCalculator - [RESULT - SQRT] - 9.0
2023-04-02 09:24:21.186 [main] INFO  Calculator.MathCalculator - [SQRT] - 36.0
2023-04-02 09:24:21.186 [main] INFO  Calculator.MathCalculator - [RESULT - SQRT] - 6.0
2023-04-02 09:24:21.186 [main] INFO  Calculator.MathCalculator - [SQRT] - 35.0
2023-04-02 09:24:21.186 [main] INFO  Calculator.MathCalculator - [RESULT - SQRT] - 5.916079783099616
2023-04-02 09:24:21.186 [main] INFO  Calculator.MathCalculator - [SQRT] - 0.25
2023-04-02 09:24:21.186 [main] INFO  Calculator.MathCalculator - [RESULT - SQRT] - 0.5
2023-04-02 09:24:21.186 [main] INFO  Calculator.MathCalculator - [SQRT] - 101.0
2023-04-02 09:24:21.186 [main] INFO  Calculator.MathCalculator - [RESULT - SQRT] - 10.04987562112089
